<?xml version="1.0" encoding="UTF-8"?>
<testsuite xmlns:xsi="http://www.w3.org/2001/XMLSchema-instance" xsi:noNamespaceSchemaLocation="https://maven.apache.org/surefire/maven-surefire-plugin/xsd/surefire-test-report-3.0.xsd" version="3.0" name="TestSuite" time="0.874" tests="5" errors="0" skipped="0" failures="0">
  <properties>
    <property name="java.specification.version" value="13"/>
    <property name="sun.cpu.isalist" value="amd64"/>
    <property name="sun.jnu.encoding" value="Cp1252"/>
    <property name="java.class.path" value="F:\Work\Java_workspace\my-app\target\test-classes;F:\Work\Java_workspace\my-app\target\classes;C:\Users\7269\.m2\repository\org\testng\testng\7.1.0\testng-7.1.0.jar;C:\Users\7269\.m2\repository\com\beust\jcommander\1.72\jcommander-1.72.jar;C:\Users\7269\.m2\repository\com\google\inject\guice\4.1.0\guice-4.1.0-no_aop.jar;C:\Users\7269\.m2\repository\javax\inject\javax.inject\1\javax.inject-1.jar;C:\Users\7269\.m2\repository\aopalliance\aopalliance\1.0\aopalliance-1.0.jar;C:\Users\7269\.m2\repository\com\google\guava\guava\19.0\guava-19.0.jar;C:\Users\7269\.m2\repository\org\yaml\snakeyaml\1.21\snakeyaml-1.21.jar;"/>
    <property name="java.vm.vendor" value="Oracle Corporation"/>
    <property name="sun.arch.data.model" value="64"/>
    <property name="user.variant" value=""/>
    <property name="java.vendor.url" value="https://java.oracle.com/"/>
    <property name="user.timezone" value="Asia/Calcutta"/>
    <property name="os.name" value="Windows 8.1"/>
    <property name="java.vm.specification.version" value="13"/>
    <property name="sun.java.launcher" value="SUN_STANDARD"/>
    <property name="user.country" value="US"/>
    <property name="sun.boot.library.path" value="C:\Program Files\Java\jdk-13.0.1\bin"/>
    <property name="sun.java.command" value="C:\Windows\Temp\surefire6331344935617199501\surefirebooter11535742964805065419.jar C:\Windows\Temp\surefire6331344935617199501 2020-01-13T12-17-16_269-jvmRun1 surefire6148698776787371962tmp surefire_017686491280575879747tmp"/>
    <property name="jdk.debug" value="release"/>
    <property name="surefire.test.class.path" value="F:\Work\Java_workspace\my-app\target\test-classes;F:\Work\Java_workspace\my-app\target\classes;C:\Users\7269\.m2\repository\org\testng\testng\7.1.0\testng-7.1.0.jar;C:\Users\7269\.m2\repository\com\beust\jcommander\1.72\jcommander-1.72.jar;C:\Users\7269\.m2\repository\com\google\inject\guice\4.1.0\guice-4.1.0-no_aop.jar;C:\Users\7269\.m2\repository\javax\inject\javax.inject\1\javax.inject-1.jar;C:\Users\7269\.m2\repository\aopalliance\aopalliance\1.0\aopalliance-1.0.jar;C:\Users\7269\.m2\repository\com\google\guava\guava\19.0\guava-19.0.jar;C:\Users\7269\.m2\repository\org\yaml\snakeyaml\1.21\snakeyaml-1.21.jar;"/>
    <property name="sun.cpu.endian" value="little"/>
    <property name="user.home" value="C:\Users\7269"/>
    <property name="user.language" value="en"/>
    <property name="java.specification.vendor" value="Oracle Corporation"/>
    <property name="java.version.date" value="2019-10-15"/>
    <property name="java.home" value="C:\Program Files\Java\jdk-13.0.1"/>
    <property name="file.separator" value="\"/>
    <property name="basedir" value="F:\Work\Java_workspace\my-app"/>
    <property name="java.vm.compressedOopsMode" value="32-bit"/>
    <property name="line.separator" value="&#10;"/>
    <property name="java.vm.specification.vendor" value="Oracle Corporation"/>
    <property name="java.specification.name" value="Java Platform API Specification"/>
    <property name="surefire.real.class.path" value="C:\Windows\Temp\surefire6331344935617199501\surefirebooter11535742964805065419.jar"/>
    <property name="user.script" value=""/>
    <property name="sun.management.compiler" value="HotSpot 64-Bit Tiered Compilers"/>
    <property name="java.runtime.version" value="13.0.1+9"/>
    <property name="user.name" value="7269"/>
    <property name="path.separator" value=";"/>
    <property name="os.version" value="6.3"/>
    <property name="java.runtime.name" value="Java(TM) SE Runtime Environment"/>
    <property name="file.encoding" value="Cp1252"/>
    <property name="java.vm.name" value="Java HotSpot(TM) 64-Bit Server VM"/>
    <property name="localRepository" value="C:\Users\7269\.m2\repository"/>
    <property name="java.vendor.url.bug" value="https://bugreport.java.com/bugreport/"/>
    <property name="java.io.tmpdir" value="C:\Windows\TEMP\"/>
    <property name="java.version" value="13.0.1"/>
    <property name="user.dir" value="F:\Work\Java_workspace\my-app"/>
    <property name="os.arch" value="amd64"/>
    <property name="java.vm.specification.name" value="Java Virtual Machine Specification"/>
    <property name="sun.os.patch.level" value=""/>
    <property name="java.library.path" value="C:\Program Files\Java\jdk-13.0.1\bin;C:\Windows\Sun\Java\bin;C:\Windows\system32;C:\Windows;C:\Program Files\ConEmu\ConEmu\Scripts;C:\Program Files\ConEmu;C:\Program Files\ConEmu\ConEmu;C:\Program Files (x86)\Common Files\Oracle\Java\javapath;D:\app\7269\product\11.2.0\client_1\bin;C:\ProgramData\Oracle\Java\javapath;C:\Program Files (x86)\Intel\iCLS Client\;C:\Program Files\Intel\iCLS Client\;C:\Windows\system32;C:\Windows;C:\Windows\System32\Wbem;C:\Windows\System32\WindowsPowerShell\v1.0\;C:\Program Files\Intel\Intel(R) Management Engine Components\DAL;C:\Program Files (x86)\Intel\Intel(R) Management Engine Components\DAL;C:\Program Files\Intel\Intel(R) Management Engine Components\IPT;C:\Program Files (x86)\Intel\Intel(R) Management Engine Components\IPT;C:\Program Files\Intel\WiFi\bin\;C:\Program Files\Common Files\Intel\WirelessCommon\;C:\Program Files (x86)\Windows Live\Shared;C:\Program Files (x86)\Groovy\Groovy-2.4.6\bin;C:\Work\apache-maven-3.6.1\bin;C:\Program Files\PuTTY\;C:\Users\7269\AppData\Local\Android\sdk\tools\bin;C:\Users\7269\AppData\Local\Android\sdk\tools;C:\Users\7269\AppData\Local\Android\sdk\platform-tools;C:\Program Files\nodejs\;C:\Program Files\Java\jdk-13.0.1\bin;C:\Program Files\Git\cmd;C:\Program Files\Git\bin;C:\Users\7269\AppData\Local\Programs\Python\Python38;C:\Users\7269\AppData\Local\Programs\Python\Python38\Scripts;."/>
    <property name="java.vm.info" value="mixed mode, sharing"/>
    <property name="java.vendor" value="Oracle Corporation"/>
    <property name="java.vm.version" value="13.0.1+9"/>
    <property name="sun.io.unicode.encoding" value="UnicodeLittle"/>
    <property name="java.class.version" value="57.0"/>
  </properties>
  <testcase name="WTest1" classname="com.sdk.testng.WebTest" time="0.006"/>
  <testcase name="WTest2" classname="com.sdk.testng.WebTest" time="0.005"/>
  <testcase name="WTest3" classname="com.sdk.testng.WebTest" time="0.002"/>
  <testcase name="WTest4" classname="com.sdk.testng.WebTest" time="0.003"/>
  <testcase name="WTest5" classname="com.sdk.testng.WebTest" time="0.002"/>
</testsuite>