<?xml version="1.0" encoding="UTF-8"?>
<!-- Generated by org.testng.reporters.JUnitReportReporter -->
<testsuite skipped="0" hostname="VSCT-LAP-0153" name="com.sdk.testng.DesktopTest" tests="5" failures="0" timestamp="13 Jan 2020 06:22:03 GMT" time="0.039" errors="0">
  <testcase name="DTest1" time="0.014" classname="com.sdk.testng.DesktopTest"/>
  <testcase name="DTest5" time="0.002" classname="com.sdk.testng.DesktopTest"/>
  <testcase name="DTest2" time="0.002" classname="com.sdk.testng.DesktopTest"/>
  <testcase name="DTest3" time="0.009" classname="com.sdk.testng.DesktopTest"/>
  <testcase name="DTest4" time="0.012" classname="com.sdk.testng.DesktopTest"/>
</testsuite> <!-- com.sdk.testng.DesktopTest -->
