<?xml version="1.0" encoding="UTF-8"?>
<!-- Generated by org.testng.reporters.JUnitReportReporter -->
<testsuite skipped="0" hostname="VSCT-LAP-0153" name="com.sdk.testng.MobileTest" tests="4" failures="0" timestamp="13 Jan 2020 06:22:03 GMT" time="0.028" errors="0">
  <testcase name="MTest4" time="0.005" classname="com.sdk.testng.MobileTest"/>
  <testcase name="MTest2" time="0.011" classname="com.sdk.testng.MobileTest"/>
  <testcase name="MTest3" time="0.002" classname="com.sdk.testng.MobileTest"/>
  <testcase name="MTest1" time="0.010" classname="com.sdk.testng.MobileTest"/>
</testsuite> <!-- com.sdk.testng.MobileTest -->
