<?xml version="1.0" encoding="UTF-8"?>
<!-- Generated by org.testng.reporters.JUnitReportReporter -->
<testsuite skipped="0" hostname="VSCT-LAP-0153" name="com.sdk.testng.WebTest" tests="5" failures="0" timestamp="13 Jan 2020 06:22:03 GMT" time="0.029" errors="0">
  <testcase name="WTest1" time="0.009" classname="com.sdk.testng.WebTest"/>
  <testcase name="WTest3" time="0.002" classname="com.sdk.testng.WebTest"/>
  <testcase name="WTest2" time="0.014" classname="com.sdk.testng.WebTest"/>
  <testcase name="WTest4" time="0.002" classname="com.sdk.testng.WebTest"/>
  <testcase name="WTest5" time="0.002" classname="com.sdk.testng.WebTest"/>
</testsuite> <!-- com.sdk.testng.WebTest -->
