<?xml version="1.0" encoding="UTF-8"?>
<!-- Generated by org.testng.reporters.JUnitReportReporter -->
<testsuite hostname="VSCT-LAP-0153" failures="0" tests="5" name="com.sdk.testng.DesktopTest" time="0.005" errors="0" timestamp="2020-01-13T12:16:55 IST" skipped="0">
  <testcase classname="com.sdk.testng.DesktopTest" name="DTest1" time="0.004"/>
  <system-out/>
  <testcase classname="com.sdk.testng.DesktopTest" name="DTest4" time="0.000"/>
  <system-out/>
  <testcase classname="com.sdk.testng.DesktopTest" name="DTest5" time="0.000"/>
  <system-out/>
  <testcase classname="com.sdk.testng.DesktopTest" name="DTest3" time="0.001"/>
  <system-out/>
  <testcase classname="com.sdk.testng.DesktopTest" name="DTest2" time="0.000"/>
  <system-out/>
</testsuite> <!-- com.sdk.testng.DesktopTest -->
