<?xml version="1.0" encoding="UTF-8"?>
<!-- Generated by org.testng.reporters.JUnitReportReporter -->
<testsuite hostname="VSCT-LAP-0153" failures="0" tests="4" name="com.sdk.testng.MobileTest" time="0.001" errors="0" timestamp="2020-01-13T12:16:55 IST" skipped="0">
  <testcase classname="com.sdk.testng.MobileTest" name="MTest2" time="0.000"/>
  <system-out/>
  <testcase classname="com.sdk.testng.MobileTest" name="MTest3" time="0.001"/>
  <system-out/>
  <testcase classname="com.sdk.testng.MobileTest" name="MTest4" time="0.000"/>
  <system-out/>
  <testcase classname="com.sdk.testng.MobileTest" name="MTest1" time="0.000"/>
  <system-out/>
</testsuite> <!-- com.sdk.testng.MobileTest -->
