<?xml version="1.0" encoding="UTF-8"?>
<!-- Generated by org.testng.reporters.JUnitReportReporter -->
<testsuite hostname="VSCT-LAP-0153" failures="0" tests="5" name="com.sdk.testng.WebTest" time="0.006" errors="0" timestamp="2020-01-13T13:31:48 IST" skipped="0">
  <testcase classname="com.sdk.testng.WebTest" name="WTest5" time="0.000"/>
  <system-out/>
  <testcase classname="com.sdk.testng.WebTest" name="WTest3" time="0.001"/>
  <system-out/>
  <testcase classname="com.sdk.testng.WebTest" name="WTest1" time="0.005"/>
  <system-out/>
  <testcase classname="com.sdk.testng.WebTest" name="WTest2" time="0.000"/>
  <system-out/>
  <testcase classname="com.sdk.testng.WebTest" name="WTest4" time="0.000"/>
  <system-out/>
</testsuite> <!-- com.sdk.testng.WebTest -->
